# JRE version: Java(TM) SE Runtime Environment (8.0_65-b17) (build 1.8.0_65-b17)
# Java VM: Java HotSpot(TM) 64-Bit Server VM (25.65-b01 mixed mode windows-amd64 compressed oops)
Heap:
 PSYoungGen      total 104960K, used 66722K [0x00000000eab00000, 0x00000000f2000000, 0x0000000100000000)
  eden space 95232K, 65% used [0x00000000eab00000,0x00000000ee78fdd8,0x00000000f0800000)
  from space 9728K, 48% used [0x00000000f1180000,0x00000000f1618c30,0x00000000f1b00000)
  to   space 9728K, 0% used [0x00000000f0800000,0x00000000f0800000,0x00000000f1180000)
 ParOldGen       total 76288K, used 36666K [0x00000000c0000000, 0x00000000c4a80000, 0x00000000eab00000)
  object space 76288K, 48% used [0x00000000c0000000,0x00000000c23cebe0,0x00000000c4a80000)
 Metaspace       used 46013K, capacity 47540K, committed 47616K, reserved 1089536K
  class space    used 6260K, capacity 6608K, committed 6656K, reserved 1048576K
GC Heap History (10 events):
Event: 35.149 GC heap before
{Heap before GC invocations=12 (full 1):
 PSYoungGen      total 57344K, used 52146K [0x00000000eab00000, 0x00000000eec00000, 0x0000000100000000)
  eden space 48128K, 95% used [0x00000000eab00000,0x00000000ed7cbda8,0x00000000eda00000)
  from space 9216K, 68% used [0x00000000ee300000,0x00000000ee920d50,0x00000000eec00000)
  to   space 9216K, 0% used [0x00000000eda00000,0x00000000eda00000,0x00000000ee300000)
 ParOldGen       total 47104K, used 14245K [0x00000000c0000000, 0x00000000c2e00000, 0x00000000eab00000)
  object space 47104K, 30% used [0x00000000c0000000,0x00000000c0de9438,0x00000000c2e00000)
 Metaspace       used 34576K, capacity 35346K, committed 35456K, reserved 1079296K
  class space    used 4697K, capacity 4883K, committed 4992K, reserved 1048576K
Event: 35.163 GC heap after
Heap after GC invocations=12 (full 1):
 PSYoungGen      total 57344K, used 6289K [0x00000000eab00000, 0x00000000f0480000, 0x0000000100000000)
  eden space 48128K, 0% used [0x00000000eab00000,0x00000000eab00000,0x00000000eda00000)
  from space 9216K, 68% used [0x00000000eda00000,0x00000000ee024688,0x00000000ee300000)
  to   space 9216K, 0% used [0x00000000efb80000,0x00000000efb80000,0x00000000f0480000)
 ParOldGen       total 47104K, used 19573K [0x00000000c0000000, 0x00000000c2e00000, 0x00000000eab00000)
  object space 47104K, 41% used [0x00000000c0000000,0x00000000c131d448,0x00000000c2e00000)
 Metaspace       used 34576K, capacity 35346K, committed 35456K, reserved 1079296K
  class space    used 4697K, capacity 4883K, committed 4992K, reserved 1048576K
}
Event: 35.163 GC heap before
{Heap before GC invocations=13 (full 2):
 PSYoungGen      total 57344K, used 6289K [0x00000000eab00000, 0x00000000f0480000, 0x0000000100000000)
  eden space 48128K, 0% used [0x00000000eab00000,0x00000000eab00000,0x00000000eda00000)
  from space 9216K, 68% used [0x00000000eda00000,0x00000000ee024688,0x00000000ee300000)
  to   space 9216K, 0% used [0x00000000efb80000,0x00000000efb80000,0x00000000f0480000)
 ParOldGen       total 47104K, used 19573K [0x00000000c0000000, 0x00000000c2e00000, 0x00000000eab00000)
  object space 47104K, 41% used [0x00000000c0000000,0x00000000c131d448,0x00000000c2e00000)
 Metaspace       used 34576K, capacity 35346K, committed 35456K, reserved 1079296K
  class space    used 4697K, capacity 4883K, committed 4992K, reserved 1048576K
Event: 35.319 GC heap after
Heap after GC invocations=13 (full 2):
 PSYoungGen      total 57344K, used 0K [0x00000000eab00000, 0x00000000f0480000, 0x0000000100000000)
  eden space 48128K, 0% used [0x00000000eab00000,0x00000000eab00000,0x00000000eda00000)
  from space 9216K, 0% used [0x00000000eda00000,0x00000000eda00000,0x00000000ee300000)
  to   space 9216K, 0% used [0x00000000efb80000,0x00000000efb80000,0x00000000f0480000)
 ParOldGen       total 76288K, used 23764K [0x00000000c0000000, 0x00000000c4a80000, 0x00000000eab00000)
  object space 76288K, 31% used [0x00000000c0000000,0x00000000c1735340,0x00000000c4a80000)
 Metaspace       used 34576K, capacity 35346K, committed 35456K, reserved 1079296K
  class space    used 4697K, capacity 4883K, committed 4992K, reserved 1048576K
}
Event: 36.291 GC heap before
{Heap before GC invocations=14 (full 2):
 PSYoungGen      total 57344K, used 48128K [0x00000000eab00000, 0x00000000f0480000, 0x0000000100000000)
  eden space 48128K, 100% used [0x00000000eab00000,0x00000000eda00000,0x00000000eda00000)
  from space 9216K, 0% used [0x00000000eda00000,0x00000000eda00000,0x00000000ee300000)
  to   space 9216K, 0% used [0x00000000efb80000,0x00000000efb80000,0x00000000f0480000)
 ParOldGen       total 76288K, used 23764K [0x00000000c0000000, 0x00000000c4a80000, 0x00000000eab00000)
  object space 76288K, 31% used [0x00000000c0000000,0x00000000c1735340,0x00000000c4a80000)
 Metaspace       used 37094K, capacity 38038K, committed 38144K, reserved 1081344K
  class space    used 5107K, capacity 5285K, committed 5376K, reserved 1048576K
Event: 36.301 GC heap after
Heap after GC invocations=14 (full 2):
 PSYoungGen      total 72192K, used 6587K [0x00000000eab00000, 0x00000000f0200000, 0x0000000100000000)
  eden space 65536K, 0% used [0x00000000eab00000,0x00000000eab00000,0x00000000eeb00000)
  from space 6656K, 98% used [0x00000000efb80000,0x00000000f01eeee0,0x00000000f0200000)
  to   space 9216K, 0% used [0x00000000ef000000,0x00000000ef000000,0x00000000ef900000)
 ParOldGen       total 76288K, used 23772K [0x00000000c0000000, 0x00000000c4a80000, 0x00000000eab00000)
  object space 76288K, 31% used [0x00000000c0000000,0x00000000c1737340,0x00000000c4a80000)
 Metaspace       used 37094K, capacity 38038K, committed 38144K, reserved 1081344K
  class space    used 5107K, capacity 5285K, committed 5376K, reserved 1048576K
}
Event: 37.893 GC heap before
{Heap before GC invocations=15 (full 2):
 PSYoungGen      total 72192K, used 72123K [0x00000000eab00000, 0x00000000f0200000, 0x0000000100000000)
  eden space 65536K, 100% used [0x00000000eab00000,0x00000000eeb00000,0x00000000eeb00000)
  from space 6656K, 98% used [0x00000000efb80000,0x00000000f01eeee0,0x00000000f0200000)
  to   space 9216K, 0% used [0x00000000ef000000,0x00000000ef000000,0x00000000ef900000)
 ParOldGen       total 76288K, used 23772K [0x00000000c0000000, 0x00000000c4a80000, 0x00000000eab00000)
  object space 76288K, 31% used [0x00000000c0000000,0x00000000c1737340,0x00000000c4a80000)
 Metaspace       used 38862K, capacity 40182K, committed 40320K, reserved 1083392K
  class space    used 5377K, capacity 5675K, committed 5760K, reserved 1048576K
Event: 38.007 GC heap after
Heap after GC invocations=15 (full 2):
 PSYoungGen      total 79872K, used 8019K [0x00000000eab00000, 0x00000000f1b00000, 0x0000000100000000)
  eden space 70656K, 0% used [0x00000000eab00000,0x00000000eab00000,0x00000000ef000000)
  from space 9216K, 87% used [0x00000000ef000000,0x00000000ef7d4e28,0x00000000ef900000)
  to   space 9728K, 0% used [0x00000000f1180000,0x00000000f1180000,0x00000000f1b00000)
 ParOldGen       total 76288K, used 29401K [0x00000000c0000000, 0x00000000c4a80000, 0x00000000eab00000)
  object space 76288K, 38% used [0x00000000c0000000,0x00000000c1cb6400,0x00000000c4a80000)
 Metaspace       used 38862K, capacity 40182K, committed 40320K, reserved 1083392K
  class space    used 5377K, capacity 5675K, committed 5760K, reserved 1048576K
}
Event: 42.777 GC heap before
{Heap before GC invocations=16 (full 2):
 PSYoungGen      total 79872K, used 78675K [0x00000000eab00000, 0x00000000f1b00000, 0x0000000100000000)
  eden space 70656K, 100% used [0x00000000eab00000,0x00000000ef000000,0x00000000ef000000)
  from space 9216K, 87% used [0x00000000ef000000,0x00000000ef7d4e28,0x00000000ef900000)
  to   space 9728K, 0% used [0x00000000f1180000,0x00000000f1180000,0x00000000f1b00000)
 ParOldGen       total 76288K, used 29401K [0x00000000c0000000, 0x00000000c4a80000, 0x00000000eab00000)
  object space 76288K, 38% used [0x00000000c0000000,0x00000000c1cb6400,0x00000000c4a80000)
 Metaspace       used 40213K, capacity 41706K, committed 41856K, reserved 1085440K
  class space    used 5564K, capacity 5899K, committed 6016K, reserved 1048576K
Event: 42.793 GC heap after
Heap after GC invocations=16 (full 2):
 PSYoungGen      total 104960K, used 4707K [0x00000000eab00000, 0x00000000f2000000, 0x0000000100000000)
  eden space 95232K, 0% used [0x00000000eab00000,0x00000000eab00000,0x00000000f0800000)
  from space 9728K, 48% used [0x00000000f1180000,0x00000000f1618c30,0x00000000f1b00000)
  to   space 9728K, 0% used [0x00000000f0800000,0x00000000f0800000,0x00000000f1180000)
 ParOldGen       total 76288K, used 36666K [0x00000000c0000000, 0x00000000c4a80000, 0x00000000eab00000)
  object space 76288K, 48% used [0x00000000c0000000,0x00000000c23cebe0,0x00000000c4a80000)
 Metaspace       used 40213K, capacity 41706K, committed 41856K, reserved 1085440K
  class space    used 5564K, capacity 5899K, committed 6016K, reserved 1048576K
}

